<?xml version="1.0" encoding="UTF-8"?>
<!-- Generated by org.testng.reporters.JUnitReportReporter -->
<testsuite hostname="LAPTOP-S72SDUNT" failures="0" tests="1" name="advance_Selenium.TC_AT_007" time="27.691" errors="0" timestamp="2023-10-19T19:49:26 IST" skipped="0">
  <testcase classname="advance_Selenium.TC_AT_007" name="toCheckWorkFlowSetting" time="27.691"/>
  <system-out>
    <![CDATA[Workflow Setting page displayed succesfully]]>
  </system-out>
</testsuite> <!-- advance_Selenium.TC_AT_007 -->
