<?xml version="1.0" encoding="UTF-8"?>
<!-- Generated by org.testng.reporters.JUnitReportReporter -->
<testsuite hostname="LAPTOP-S72SDUNT" failures="0" tests="1" name="bikes.ToLuanchTVS" time="46.100" errors="0" timestamp="2023-10-17T09:45:59 IST" skipped="0">
  <testcase classname="bikes.ToLuanchTVS" name="Yamha" time="46.100"/>
  <system-out>
    <![CDATA[TVS got launched]]>
  </system-out>
</testsuite> <!-- bikes.ToLuanchTVS -->
