<?xml version="1.0" encoding="UTF-8"?>
<!-- Generated by org.testng.reporters.JUnitReportReporter -->
<testsuite hostname="LAPTOP-S72SDUNT" failures="0" tests="1" name="bikes.ToLaunchKtm" time="80.087" errors="0" timestamp="2023-10-17T09:45:59 IST" skipped="0">
  <testcase classname="bikes.ToLaunchKtm" name="Ktm" time="80.087"/>
  <system-out>
    <![CDATA[KTM got launched]]>
  </system-out>
</testsuite> <!-- bikes.ToLaunchKtm -->
