<?xml version="1.0" encoding="UTF-8"?>
<!-- Generated by org.testng.reporters.JUnitReportReporter -->
<testsuite hostname="LAPTOP-S72SDUNT" failures="0" tests="1" name="advance_Selenium.ConfigurationAnnotations" time="0.021" errors="0" timestamp="2023-10-19T08:53:12 IST" skipped="0">
  <testcase classname="advance_Selenium.ConfigurationAnnotations" name="testCase" time="0.021"/>
  <system-out>
    <![CDATA[Test Case got executed]]>
  </system-out>
</testsuite> <!-- advance_Selenium.ConfigurationAnnotations -->
