<?xml version="1.0" encoding="UTF-8"?>
<!-- Generated by org.testng.reporters.JUnitReportReporter -->
<testsuite hostname="LAPTOP-S72SDUNT" failures="0" tests="1" name="advance_Selenium.TC_AT_004" time="16.405" errors="0" timestamp="2023-10-19T19:20:17 IST" skipped="0">
  <testcase classname="advance_Selenium.TC_AT_004" name="toCheckSettings" time="16.405"/>
  <system-out>
    <![CDATA[Settings dropdown displayed sucessfully]]>
  </system-out>
</testsuite> <!-- advance_Selenium.TC_AT_004 -->
