<?xml version="1.0" encoding="UTF-8"?>
<!-- Generated by org.testng.reporters.JUnitReportReporter -->
<testsuite hostname="LAPTOP-S72SDUNT" failures="0" tests="1" name="bikes.ToLaunchYamha" time="22.118" errors="0" timestamp="2023-10-17T09:45:59 IST" skipped="0">
  <testcase classname="bikes.ToLaunchYamha" name="Yamha" time="22.118"/>
  <system-out>
    <![CDATA[Yamha got launched]]>
  </system-out>
</testsuite> <!-- bikes.ToLaunchYamha -->
