<?xml version="1.0" encoding="UTF-8"?>
<!-- Generated by org.testng.reporters.JUnitReportReporter -->
<testsuite hostname="LAPTOP-S72SDUNT" failures="0" tests="1" name="advance_Selenium.TC_AT_005" time="30.923" errors="0" timestamp="2023-10-19T19:38:33 IST" skipped="0">
  <testcase classname="advance_Selenium.TC_AT_005" name="toCheckFeaturesTurnON_OFF" time="30.923"/>
  <system-out>
    <![CDATA[Testcase 005 got passed]]>
  </system-out>
</testsuite> <!-- advance_Selenium.TC_AT_005 -->
