<?xml version="1.0" encoding="UTF-8"?>
<!-- Generated by org.testng.reporters.JUnitReportReporter -->
<testsuite hostname="LAPTOP-S72SDUNT" failures="0" tests="3" name="advance_Selenium.ToLeranDataProvider" time="42.699" errors="0" timestamp="2023-10-20T08:54:44 IST" skipped="0">
  <testcase classname="advance_Selenium.ToLeranDataProvider" name="toLogin" time="15.891"/>
  <system-out/>
  <testcase classname="advance_Selenium.ToLeranDataProvider" name="toLogin" time="13.552"/>
  <system-out/>
  <testcase classname="advance_Selenium.ToLeranDataProvider" name="toLogin" time="13.256"/>
  <system-out/>
</testsuite> <!-- advance_Selenium.ToLeranDataProvider -->
