<?xml version="1.0" encoding="UTF-8"?>
<!-- Generated by org.testng.reporters.JUnitReportReporter -->
<testsuite hostname="LAPTOP-S72SDUNT" failures="0" tests="3" name="advance_Selenium.ToLearnDependsOnMethods" time="0.026" errors="0" timestamp="2023-10-17T09:05:06 IST" skipped="0">
  <testcase classname="advance_Selenium.ToLearnDependsOnMethods" name="createAccount" time="0.019"/>
  <system-out>
    <![CDATA[Account created succesfully]]>
  </system-out>
  <testcase classname="advance_Selenium.ToLearnDependsOnMethods" name="deleteAccount" time="0.003"/>
  <system-out>
    <![CDATA[Account delted succesfully]]>
  </system-out>
  <testcase classname="advance_Selenium.ToLearnDependsOnMethods" name="editAccount" time="0.004"/>
  <system-out>
    <![CDATA[Account edited succesfully]]>
  </system-out>
</testsuite> <!-- advance_Selenium.ToLearnDependsOnMethods -->
