<?xml version="1.0" encoding="UTF-8"?>
<!-- Generated by org.testng.reporters.JUnitReportReporter -->
<testsuite hostname="LAPTOP-S72SDUNT" failures="0" tests="1" name="advance_Selenium.TC_AT_006" time="20.758" errors="0" timestamp="2023-10-19T19:43:47 IST" skipped="0">
  <testcase classname="advance_Selenium.TC_AT_006" name="toCheckGeneralSettings" time="20.758"/>
  <system-out>
    <![CDATA[Testcase 006 passed]]>
  </system-out>
</testsuite> <!-- advance_Selenium.TC_AT_006 -->
