<?xml version="1.0" encoding="UTF-8"?>
<!-- Generated by org.testng.reporters.JUnitReportReporter -->
<testsuite hostname="LAPTOP-S72SDUNT" failures="0" tests="1" name="advance_Selenium.TC_AT_003" time="17.388" errors="0" timestamp="2023-10-19T18:43:55 IST" skipped="0">
  <testcase classname="advance_Selenium.TC_AT_003" name="toCheckUsers" time="17.388"/>
  <system-out>
    <![CDATA[Testcase 003 got passed]]>
  </system-out>
</testsuite> <!-- advance_Selenium.TC_AT_003 -->
