<?xml version="1.0" encoding="UTF-8"?>
<!-- Generated by org.testng.reporters.JUnitReportReporter -->
<testsuite hostname="LAPTOP-S72SDUNT" failures="0" tests="1" name="advance_Selenium.TC_AT_009" time="23.487" errors="0" timestamp="2023-10-19T19:55:11 IST" skipped="0">
  <testcase classname="advance_Selenium.TC_AT_009" name="toCheckTypesOfWork" time="23.487"/>
  <system-out>
    <![CDATA[Leaves Type page displayed succesfully]]>
  </system-out>
</testsuite> <!-- advance_Selenium.TC_AT_009 -->
