<?xml version="1.0" encoding="UTF-8"?>
<!-- Generated by org.testng.reporters.JUnitReportReporter -->
<testsuite hostname="LAPTOP-S72SDUNT" failures="0" tests="1" name="bikes.ToLaunchKawasaki" time="29.560" errors="0" timestamp="2023-10-17T09:45:59 IST" skipped="0">
  <testcase classname="bikes.ToLaunchKawasaki" name="kawaski" time="29.560"/>
  <system-out>
    <![CDATA[Kawaski got launched]]>
  </system-out>
</testsuite> <!-- bikes.ToLaunchKawasaki -->
