<?xml version="1.0" encoding="UTF-8"?>
<!-- Generated by org.testng.reporters.JUnitReportReporter -->
<testsuite hostname="LAPTOP-S72SDUNT" failures="0" tests="1" name="advance_Selenium.TC_AT_0010" time="12.870" errors="0" timestamp="2023-10-19T19:56:37 IST" skipped="0">
  <testcase classname="advance_Selenium.TC_AT_0010" name="toCheckTypesOfWork" time="12.870"/>
  <system-out>
    <![CDATA[Notifications page displayed succesfully]]>
  </system-out>
</testsuite> <!-- advance_Selenium.TC_AT_0010 -->
