<?xml version="1.0" encoding="UTF-8"?>
<!-- Generated by org.testng.reporters.JUnitReportReporter -->
<testsuite hostname="LAPTOP-S72SDUNT" failures="0" tests="3" name="advance_Selenium.DataProviderOnFB" time="22.020" errors="0" timestamp="2023-10-20T09:00:47 IST" skipped="0">
  <testcase classname="advance_Selenium.DataProviderOnFB" name="toLogin" time="8.472"/>
  <system-out/>
  <testcase classname="advance_Selenium.DataProviderOnFB" name="toLogin" time="6.627"/>
  <system-out/>
  <testcase classname="advance_Selenium.DataProviderOnFB" name="toLogin" time="6.921"/>
  <system-out/>
</testsuite> <!-- advance_Selenium.DataProviderOnFB -->
